-------------------------------------------------------------------------------
Test set: com.achiridev.proyecto03.UsuarioServiceTest
-------------------------------------------------------------------------------
Tests run: 2, Failures: 1, Errors: 1, Skipped: 0, Time elapsed: 0.787 s <<< FAILURE! -- in com.achiridev.proyecto03.UsuarioServiceTest
com.achiridev.proyecto03.UsuarioServiceTest.testCreacionUsuarioExitosa -- Time elapsed: 0.778 s <<< ERROR!
com.achiridev.ServiceException: Usuario ya existe
	at com.achiridev.proyecto03.UsuarioService.lambda$crearUsuario$0(UsuarioService.java:14)
	at java.base/java.util.Optional.orElseThrow(Optional.java:403)
	at com.achiridev.proyecto03.UsuarioService.crearUsuario(UsuarioService.java:13)
	at com.achiridev.proyecto03.UsuarioServiceTest.testCreacionUsuarioExitosa(UsuarioServiceTest.java:34)
	at java.base/java.lang.reflect.Method.invoke(Method.java:565)
	at java.base/java.util.ArrayList.forEach(ArrayList.java:1604)
	at java.base/java.util.ArrayList.forEach(ArrayList.java:1604)

com.achiridev.proyecto03.UsuarioServiceTest.testCreacionUsuarioFallida -- Time elapsed: 0.005 s <<< FAILURE!
org.opentest4j.AssertionFailedError: Expected com.achiridev.ServiceException to be thrown, but nothing was thrown.
	at org.junit.jupiter.api.AssertionFailureBuilder.build(AssertionFailureBuilder.java:152)
	at org.junit.jupiter.api.AssertThrows.assertThrows(AssertThrows.java:73)
	at org.junit.jupiter.api.AssertThrows.assertThrows(AssertThrows.java:35)
	at org.junit.jupiter.api.Assertions.assertThrows(Assertions.java:3128)
	at com.achiridev.proyecto03.UsuarioServiceTest.testCreacionUsuarioFallida(UsuarioServiceTest.java:47)
	at java.base/java.lang.reflect.Method.invoke(Method.java:565)
	at java.base/java.util.ArrayList.forEach(ArrayList.java:1604)
	at java.base/java.util.ArrayList.forEach(ArrayList.java:1604)

